<?xml version="1.0" encoding="UTF-8"?>
<testsuite name="consumir servicio para obtener todos los empleados" tests="1" skipped="0" failures="0" errors="0" timestamp="2023-06-27T16:12:12" hostname="SQABOG-TGP4980" time="4.901">
  <properties/>
  <testcase name="Obtener todos los empleados" classname="consumir servicio para obtener todos los empleados" time="4.901"/>
  <system-out><![CDATA[]]></system-out>
  <system-err><![CDATA[[Test worker] INFO net.thucydides.core.steps.ConsoleLoggingListener - 
        __    _____ _____ ____ _____   ____   _    ____  ____  _____ ____  
  _     \ \  |_   _| ____/ ___|_   _| |  _ \ / \  / ___|/ ___|| ____|  _ \ 
 (_)_____| |   | | |  _| \___ \ | |   | |_) / _ \ \___ \\___ \|  _| | | | |
  _|_____| |   | | | |___ ___) || |   |  __/ ___ \ ___) |___) | |___| |_| |
 (_)     | |   |_| |_____|____/ |_|   |_| /_/   \_\____/|____/|_____|____/ 
        /_/                                                                

TEST PASSED: Obtener todos los empleados
----------------------------------------------------------------------------
]]></system-err>
</testsuite>
